<?xml version="1.0" encoding="UTF-8"?>
<!-- Generated by org.testng.reporters.JUnitXMLReporter -->
<testsuite hostname="system-24-PC" name="Default test" tests="4" failures="0" timestamp="18 Dec 2019 10:30:43 GMT" time="0.064" errors="0">
  <testcase name="Test1" time="0.015" classname="com.testNG.FirstPropgram"/>
  <testcase name="Test2" time="0.001" classname="com.testNG.FirstPropgram"/>
  <testcase name="Test3" time="0.005" classname="com.testNG.FirstPropgram"/>
  <testcase name="Test4" time="0.002" classname="com.testNG.FirstPropgram"/>
</testsuite> <!-- Default test -->
