<?xml version="1.0" encoding="UTF-8"?>
<testng-results skipped="0" failed="0" total="4" passed="4">
  <reporter-output>
  </reporter-output>
  <suite name="Default suite" duration-ms="64" started-at="2019-12-18T10:30:43Z" finished-at="2019-12-18T10:30:43Z">
    <groups>
    </groups>
    <test name="Default test" duration-ms="64" started-at="2019-12-18T10:30:43Z" finished-at="2019-12-18T10:30:43Z">
      <class name="com.testNG.FirstPropgram">
        <test-method status="PASS" signature="BeforeClass()[pri:0, instance:com.testNG.FirstPropgram@ee68d8]" name="BeforeClass" is-config="true" duration-ms="11" started-at="2019-12-18T16:00:43Z" finished-at="2019-12-18T16:00:43Z">
          <reporter-output>
          </reporter-output>
        </test-method> <!-- BeforeClass -->
        <test-method status="PASS" signature="Test1()[pri:0, instance:com.testNG.FirstPropgram@ee68d8]" name="Test1" duration-ms="15" started-at="2019-12-18T16:00:43Z" finished-at="2019-12-18T16:00:43Z">
          <reporter-output>
          </reporter-output>
        </test-method> <!-- Test1 -->
        <test-method status="PASS" signature="BeforeMethos()[pri:0, instance:com.testNG.FirstPropgram@ee68d8]" name="BeforeMethos" is-config="true" duration-ms="0" started-at="2019-12-18T16:00:43Z" finished-at="2019-12-18T16:00:43Z">
          <reporter-output>
          </reporter-output>
        </test-method> <!-- BeforeMethos -->
        <test-method status="PASS" signature="AfterMethod()[pri:0, instance:com.testNG.FirstPropgram@ee68d8]" name="AfterMethod" is-config="true" duration-ms="0" started-at="2019-12-18T16:00:43Z" finished-at="2019-12-18T16:00:43Z">
          <reporter-output>
          </reporter-output>
        </test-method> <!-- AfterMethod -->
        <test-method status="PASS" signature="Test2()[pri:0, instance:com.testNG.FirstPropgram@ee68d8]" name="Test2" duration-ms="1" started-at="2019-12-18T16:00:43Z" finished-at="2019-12-18T16:00:43Z">
          <reporter-output>
          </reporter-output>
        </test-method> <!-- Test2 -->
        <test-method status="PASS" signature="BeforeMethos()[pri:0, instance:com.testNG.FirstPropgram@ee68d8]" name="BeforeMethos" is-config="true" duration-ms="0" started-at="2019-12-18T16:00:43Z" finished-at="2019-12-18T16:00:43Z">
          <reporter-output>
          </reporter-output>
        </test-method> <!-- BeforeMethos -->
        <test-method status="PASS" signature="AfterMethod()[pri:0, instance:com.testNG.FirstPropgram@ee68d8]" name="AfterMethod" is-config="true" duration-ms="1" started-at="2019-12-18T16:00:43Z" finished-at="2019-12-18T16:00:43Z">
          <reporter-output>
          </reporter-output>
        </test-method> <!-- AfterMethod -->
        <test-method status="PASS" signature="BeforeMethos()[pri:0, instance:com.testNG.FirstPropgram@ee68d8]" name="BeforeMethos" is-config="true" duration-ms="0" started-at="2019-12-18T16:00:43Z" finished-at="2019-12-18T16:00:43Z">
          <reporter-output>
          </reporter-output>
        </test-method> <!-- BeforeMethos -->
        <test-method status="PASS" signature="Test3()[pri:0, instance:com.testNG.FirstPropgram@ee68d8]" name="Test3" duration-ms="5" started-at="2019-12-18T16:00:43Z" finished-at="2019-12-18T16:00:43Z">
          <reporter-output>
          </reporter-output>
        </test-method> <!-- Test3 -->
        <test-method status="PASS" signature="AfterMethod()[pri:0, instance:com.testNG.FirstPropgram@ee68d8]" name="AfterMethod" is-config="true" duration-ms="1" started-at="2019-12-18T16:00:43Z" finished-at="2019-12-18T16:00:43Z">
          <reporter-output>
          </reporter-output>
        </test-method> <!-- AfterMethod -->
        <test-method status="PASS" signature="BeforeMethos()[pri:0, instance:com.testNG.FirstPropgram@ee68d8]" name="BeforeMethos" is-config="true" duration-ms="0" started-at="2019-12-18T16:00:43Z" finished-at="2019-12-18T16:00:43Z">
          <reporter-output>
          </reporter-output>
        </test-method> <!-- BeforeMethos -->
        <test-method status="PASS" signature="Test4()[pri:0, instance:com.testNG.FirstPropgram@ee68d8]" name="Test4" duration-ms="2" started-at="2019-12-18T16:00:43Z" finished-at="2019-12-18T16:00:43Z">
          <reporter-output>
          </reporter-output>
        </test-method> <!-- Test4 -->
        <test-method status="PASS" signature="AfterMethod()[pri:0, instance:com.testNG.FirstPropgram@ee68d8]" name="AfterMethod" is-config="true" duration-ms="0" started-at="2019-12-18T16:00:43Z" finished-at="2019-12-18T16:00:43Z">
          <reporter-output>
          </reporter-output>
        </test-method> <!-- AfterMethod -->
        <test-method status="PASS" signature="AfterClass()[pri:0, instance:com.testNG.FirstPropgram@ee68d8]" name="AfterClass" is-config="true" duration-ms="0" started-at="2019-12-18T16:00:43Z" finished-at="2019-12-18T16:00:43Z">
          <reporter-output>
          </reporter-output>
        </test-method> <!-- AfterClass -->
      </class> <!-- com.testNG.FirstPropgram -->
    </test> <!-- Default test -->
  </suite> <!-- Default suite -->
</testng-results>
